This is pdfTeX, Version 3.1415926-2.4-1.40.13 (TeX Live 2012/Debian) (format=pdflatex 2013.10.23)  29 AUG 2014 22:47
entering extended mode
 restricted \write18 enabled.
 %&-line parsing enabled.
**template.tex
(./template.tex
LaTeX2e <2011/06/27>
Babel <v3.8m> and hyphenation patterns for english, dumylang, nohyphenation, us
englishmax, ukenglish, ngerman, german, swissgerman, ngerman-x-2012-05-30, germ
an-x-2012-05-30, loaded.
(/usr/share/texlive/texmf-dist/tex/latex/base/report.cls
Document Class: report 2007/10/19 v1.4h Standard LaTeX document class
(/usr/share/texlive/texmf-dist/tex/latex/base/size11.clo
File: size11.clo 2007/10/19 v1.4h Standard LaTeX file (size option)
)
\c@part=\count79
\c@chapter=\count80
\c@section=\count81
\c@subsection=\count82
\c@subsubsection=\count83
\c@paragraph=\count84
\c@subparagraph=\count85
\c@figure=\count86
\c@table=\count87
\abovecaptionskip=\skip41
\belowcaptionskip=\skip42
\bibindent=\dimen102
)
(/usr/share/texlive/texmf-dist/tex/latex/geometry/geometry.sty
Package: geometry 2010/09/12 v5.6 Page Geometry

(/usr/share/texlive/texmf-dist/tex/latex/graphics/keyval.sty
Package: keyval 1999/03/16 v1.13 key=value parser (DPC)
\KV@toks@=\toks14
)
(/usr/share/texlive/texmf-dist/tex/generic/oberdiek/ifpdf.sty
Package: ifpdf 2011/01/30 v2.3 Provides the ifpdf switch (HO)
Package ifpdf Info: pdfTeX in PDF mode is detected.
)
(/usr/share/texlive/texmf-dist/tex/generic/oberdiek/ifvtex.sty
Package: ifvtex 2010/03/01 v1.5 Detect VTeX and its facilities (HO)
Package ifvtex Info: VTeX not detected.
)
(/usr/share/texlive/texmf-dist/tex/generic/ifxetex/ifxetex.sty
Package: ifxetex 2010/09/12 v0.6 Provides ifxetex conditional
)
\Gm@cnth=\count88
\Gm@cntv=\count89
\c@Gm@tempcnt=\count90
\Gm@bindingoffset=\dimen103
\Gm@wd@mp=\dimen104
\Gm@odd@mp=\dimen105
\Gm@even@mp=\dimen106
\Gm@layoutwidth=\dimen107
\Gm@layoutheight=\dimen108
\Gm@layouthoffset=\dimen109
\Gm@layoutvoffset=\dimen110
\Gm@dimlist=\toks15
)
(/usr/share/texlive/texmf-dist/tex/latex/ntheorem/ntheorem.sty
Style `ntheorem', Version 1.31 <2011/02/16>
Package: ntheorem 2011/02/16 1.31
(/usr/share/texlive/texmf-dist/tex/latex/base/ifthen.sty
Package: ifthen 2001/05/26 v1.1c Standard LaTeX ifthen package (DPC)
)
\theorem@style=\toks16
\theorem@@style=\toks17
\theorembodyfont=\toks18
\theoremnumbering=\toks19
\theorempreskipamount=\skip43
\theorempostskipamount=\skip44
\theoremframepreskipamount=\skip45
\theoremframepostskipamount=\skip46
\theoremindent=\dimen111
\theorem@indent=\dimen112
\theoremheaderfont=\toks20
\theoremseparator=\toks21
\theoremprework=\toks22
\theorempostwork=\toks23
\theoremsymbol=\toks24
\qedsymbol=\toks25
\theoremkeyword=\toks26
\qedsymbol=\toks27
\thm@topsepadd=\skip47
)
(/usr/share/texlive/texmf-dist/tex/latex/amsmath/amsmath.sty
Package: amsmath 2000/07/18 v2.13 AMS math features
\@mathmargin=\skip48

For additional information on amsmath, use the `?' option.
(/usr/share/texlive/texmf-dist/tex/latex/amsmath/amstext.sty
Package: amstext 2000/06/29 v2.01

(/usr/share/texlive/texmf-dist/tex/latex/amsmath/amsgen.sty
File: amsgen.sty 1999/11/30 v2.0
\@emptytoks=\toks28
\ex@=\dimen113
))
(/usr/share/texlive/texmf-dist/tex/latex/amsmath/amsbsy.sty
Package: amsbsy 1999/11/29 v1.2d
\pmbraise@=\dimen114
)
(/usr/share/texlive/texmf-dist/tex/latex/amsmath/amsopn.sty
Package: amsopn 1999/12/14 v2.01 operator names
)
\inf@bad=\count91
LaTeX Info: Redefining \frac on input line 211.
\uproot@=\count92
\leftroot@=\count93
LaTeX Info: Redefining \overline on input line 307.
\classnum@=\count94
\DOTSCASE@=\count95
LaTeX Info: Redefining \ldots on input line 379.
LaTeX Info: Redefining \dots on input line 382.
LaTeX Info: Redefining \cdots on input line 467.
\Mathstrutbox@=\box26
\strutbox@=\box27
\big@size=\dimen115
LaTeX Font Info:    Redeclaring font encoding OML on input line 567.
LaTeX Font Info:    Redeclaring font encoding OMS on input line 568.
\macc@depth=\count96
\c@MaxMatrixCols=\count97
\dotsspace@=\muskip10
\c@parentequation=\count98
\dspbrk@lvl=\count99
\tag@help=\toks29
\row@=\count100
\column@=\count101
\maxfields@=\count102
\andhelp@=\toks30
\eqnshift@=\dimen116
\alignsep@=\dimen117
\tagshift@=\dimen118
\tagwidth@=\dimen119
\totwidth@=\dimen120
\lineht@=\dimen121
\@envbody=\toks31
\multlinegap=\skip49
\multlinetaggap=\skip50
\mathdisplay@stack=\toks32
LaTeX Info: Redefining \[ on input line 2666.
LaTeX Info: Redefining \] on input line 2667.
)
(/usr/share/texlive/texmf-dist/tex/latex/amsfonts/amssymb.sty
Package: amssymb 2009/06/22 v3.00

(/usr/share/texlive/texmf-dist/tex/latex/amsfonts/amsfonts.sty
Package: amsfonts 2009/06/22 v3.00 Basic AMSFonts support
\symAMSa=\mathgroup4
\symAMSb=\mathgroup5
LaTeX Font Info:    Overwriting math alphabet `\mathfrak' in version `bold'
(Font)                  U/euf/m/n --> U/euf/b/n on input line 96.
))
(/usr/share/texlive/texmf-dist/tex/latex/tools/indentfirst.sty
Package: indentfirst 1995/11/23 v1.03 Indent first paragraph (DPC)
)
(/usr/share/texlive/texmf-dist/tex/latex/stmaryrd/stmaryrd.sty
Package: stmaryrd 1994/03/03 St Mary's Road symbol package
\symstmry=\mathgroup6
LaTeX Font Info:    Overwriting symbol font `stmry' in version `bold'
(Font)                  U/stmry/m/n --> U/stmry/b/n on input line 89.
)
(/usr/share/texlive/texmf-dist/tex/latex/verbatimbox/verbatimbox.sty
Package: verbatimbox 2007/03/16 v1.0

(/usr/share/texlive/texmf-dist/tex/latex/tools/verbatim.sty
Package: verbatim 2003/08/22 v1.5q LaTeX2e package for verbatim enhancements
\every@verbatim=\toks33
\verbatim@line=\toks34
\verbatim@in@stream=\read1
)
\savedverbbox=\box28
\boxtopsep=\dimen122
\boxbottomsep=\dimen123
\ps@tempdima=\dimen124
\ps@tempboxa=\box29
) (./proof.sty
\inferLineSkip=\dimen125
\inferLabelSkip=\dimen126
\@LeftOffset=\dimen127
\@RightOffset=\dimen128
\@SavedLeftOffset=\dimen129
\UpperWidth=\dimen130
\LowerWidth=\dimen131
\LowerHeight=\dimen132
\UpperLeftOffset=\dimen133
\UpperRightOffset=\dimen134
\UpperCenter=\dimen135
\LowerCenter=\dimen136
\UpperAdjust=\dimen137
\RuleAdjust=\dimen138
\LowerAdjust=\dimen139
\RuleWidth=\dimen140
\HLabelAdjust=\dimen141
\VLabelAdjust=\dimen142
\WidthAdjust=\dimen143
\@UpperPart=\box30
\@LowerPart=\box31
\@LabelPart=\box32
\ResultBox=\box33
)
(/usr/share/texlive/texmf-dist/tex/latex/graphics/graphicx.sty
Package: graphicx 1999/02/16 v1.0f Enhanced LaTeX Graphics (DPC,SPQR)

(/usr/share/texlive/texmf-dist/tex/latex/graphics/graphics.sty
Package: graphics 2009/02/05 v1.0o Standard LaTeX Graphics (DPC,SPQR)

(/usr/share/texlive/texmf-dist/tex/latex/graphics/trig.sty
Package: trig 1999/03/16 v1.09 sin cos tan (DPC)
)
(/usr/share/texlive/texmf-dist/tex/latex/latexconfig/graphics.cfg
File: graphics.cfg 2010/04/23 v1.9 graphics configuration of TeX Live
)
Package graphics Info: Driver file: pdftex.def on input line 91.

(/usr/share/texlive/texmf-dist/tex/latex/pdftex-def/pdftex.def
File: pdftex.def 2011/05/27 v0.06d Graphics/color for pdfTeX

(/usr/share/texlive/texmf-dist/tex/generic/oberdiek/infwarerr.sty
Package: infwarerr 2010/04/08 v1.3 Providing info/warning/error messages (HO)
)
(/usr/share/texlive/texmf-dist/tex/generic/oberdiek/ltxcmds.sty
Package: ltxcmds 2011/11/09 v1.22 LaTeX kernel commands for general use (HO)
)
\Gread@gobject=\count103
))
\Gin@req@height=\dimen144
\Gin@req@width=\dimen145
)
(/usr/share/texlive/texmf-dist/tex/latex/subfig/subfig.sty
Package: subfig 2005/06/28 ver: 1.3 subfig package

(/usr/share/texlive/texmf-dist/tex/latex/caption/caption.sty
Package: caption 2012/02/19 v3.2f Customizing captions (AR)

(/usr/share/texlive/texmf-dist/tex/latex/caption/caption3.sty
Package: caption3 2012/01/12 v1.4b caption3 kernel (AR)
\captionmargin=\dimen146
\captionmargin@=\dimen147
\captionwidth=\dimen148
\caption@indent=\dimen149
\caption@parindent=\dimen150
\caption@hangindent=\dimen151
)
\c@ContinuedFloat=\count104
)
\c@KVtest=\count105
\sf@farskip=\skip51
\sf@captopadj=\dimen152
\sf@capskip=\skip52
\sf@nearskip=\skip53
\c@subfigure=\count106
\c@subfigure@save=\count107
\c@lofdepth=\count108
\c@subtable=\count109
\c@subtable@save=\count110
\c@lotdepth=\count111
\sf@top=\skip54
\sf@bottom=\skip55
)
(/usr/share/texlive/texmf-dist/tex/latex/mh/mathtools.sty
Package: mathtools 2012/04/24 v1.12 mathematical typesetting tools

(/usr/share/texlive/texmf-dist/tex/latex/tools/calc.sty
Package: calc 2007/08/22 v4.3 Infix arithmetic (KKT,FJ)
\calc@Acount=\count112
\calc@Bcount=\count113
\calc@Adimen=\dimen153
\calc@Bdimen=\dimen154
\calc@Askip=\skip56
\calc@Bskip=\skip57
LaTeX Info: Redefining \setlength on input line 76.
LaTeX Info: Redefining \addtolength on input line 77.
\calc@Ccount=\count114
\calc@Cskip=\skip58
)
(/usr/share/texlive/texmf-dist/tex/latex/mh/mhsetup.sty
Package: mhsetup 2010/01/21 v1.2a programming setup (MH)
)
\g_MT_multlinerow_int=\count115
\l_MT_multwidth_dim=\dimen155
\origjot=\skip59
\l_MT_shortvdotswithinadjustabove_dim=\dimen156
\l_MT_shortvdotswithinadjustbelow_dim=\dimen157
\l_MT_above_intertext_dim=\dimen158
\l_MT_below_intertext_dim=\dimen159
\l_MT_above_shortintertext_dim=\dimen160
\l_MT_below_shortintertext_dim=\dimen161
)
(/usr/share/texlive/texmf-dist/tex/latex/comment/comment.sty
\CommentStream=\write3

Excluding comment 'comment') (./qtree.sty
Package: 2008/12/12 v.3.1bQtree: tree-drawing for linguistics
Package: qtree 2008/12/12 v.3.1bQtree: tree-drawing for linguistics
(/usr/share/texlive/texmf-dist/tex/latex/pict2e/pict2e.sty
Package: pict2e 2011/04/05 v0.2y Improved picture commands (HjG,RN,JT)

(/usr/share/texlive/texmf-dist/tex/latex/pict2e/pict2e.cfg
File: pict2e.cfg 2011/04/05 v0.1t pict2e configuration for teTeX/TeXLive
)
Package pict2e Info: Driver file: pdftex.def on input line 119.
Package pict2e Info: Driver file for pict2e: p2e-pdftex.def on input line 121.

(/usr/share/texlive/texmf-dist/tex/latex/pict2e/p2e-pdftex.def
File: p2e-pdftex.def 2011/04/05 v0.1t Driver-dependant file (RN,HjG,JT)
)
\pIIe@GRAPH=\toks35
\@arclen=\dimen162
\@arcrad=\dimen163
\@tempdimd=\dimen164
)
\c@treecount=\count116
\c@branchcount=\count117
\parentbox=\box34
\treebox=\box35
\treeboxone=\box36
\treeboxtwo=\box37
\treeboxthree=\box38
\treeboxfour=\box39
\treeboxfive=\box40
\treeboxsix=\box41
\treeboxseven=\box42
\treeboxeight=\box43
\treeboxnine=\box44
\treeboxten=\box45
\treeboxeleven=\box46
\treeboxtwelve=\box47
\treeboxthirteen=\box48
\treeboxfourteen=\box49
\treeboxfifteen=\box50
\treeboxsixteen=\box51
\treeboxseventeen=\box52
\treeboxeighteen=\box53
\treeboxnineteen=\box54
\treeboxtwenty=\box55
\treeoffsetone=\skip60
\treeoffsettwo=\skip61
\treeoffsetthree=\skip62
\treeoffsetfour=\skip63
\treeoffsetfive=\skip64
\treeoffsetsix=\skip65
\treeoffsetseven=\skip66
\treeoffseteight=\skip67
\treeoffsetnine=\skip68
\treeoffsetten=\skip69
\treeoffseteleven=\skip70
\treeoffsettwelve=\skip71
\treeoffsetthirteen=\skip72
\treeoffsetfourteen=\skip73
\treeoffsetfifteen=\skip74
\treeoffsetsixteen=\skip75
\treeoffsetseventeen=\skip76
\treeoffseteighteen=\skip77
\treeoffsetnineteen=\skip78
\treeoffsettwenty=\skip79
\treeshiftone=\skip80
\treeshifttwo=\skip81
\treeshiftthree=\skip82
\treeshiftfour=\skip83
\treeshiftfive=\skip84
\treeshiftsix=\skip85
\treeshiftseven=\skip86
\treeshifteight=\skip87
\treeshiftnine=\skip88
\treeshiftten=\skip89
\treeshifteleven=\skip90
\treeshifttwelve=\skip91
\treeshiftthirteen=\skip92
\treeshiftfourteen=\skip93
\treeshiftfifteen=\skip94
\treeshiftsixteen=\skip95
\treeshiftseventeen=\skip96
\treeshifteighteen=\skip97
\treeshiftnineteen=\skip98
\treeshifttwenty=\skip99
\treewidthone=\skip100
\treewidthtwo=\skip101
\treewidththree=\skip102
\treewidthfour=\skip103
\treewidthfive=\skip104
\treewidthsix=\skip105
\treewidthseven=\skip106
\treewidtheight=\skip107
\treewidthnine=\skip108
\treewidthten=\skip109
\treewidtheleven=\skip110
\treewidthtwelve=\skip111
\treewidththirteen=\skip112
\treewidthfourteen=\skip113
\treewidthfifteen=\skip114
\treewidthsixteen=\skip115
\treewidthseventeen=\skip116
\treewidtheighteen=\skip117
\treewidthnineteen=\skip118
\treewidthtwenty=\skip119
\daughteroffsetone=\skip120
\daughteroffsettwo=\skip121
\daughteroffsetthree=\skip122
\daughteroffsetfour=\skip123
\branchwidthone=\skip124
\branchwidthtwo=\skip125
\branchwidththree=\skip126
\branchwidthfour=\skip127
\parentoffset=\skip128
\treeoffset=\skip129
\daughteroffset=\skip130
\branchwidth=\skip131
\parentwidth=\skip132
\treewidth=\skip133
\qta=\toks36
\qtb=\toks37
\nbranches=\count118
\qroofx=\count119
\qroofy=\count120
\@qrscratchbox=\box56
)
\c@def1=\count121
\c@exmp=\count122

(./template.aux

LaTeX Warning: Label `fig:termraw' multiply defined.

)
\openout1 = `template.aux'.

LaTeX Font Info:    Checking defaults for OML/cmm/m/it on input line 21.
LaTeX Font Info:    ... okay on input line 21.
LaTeX Font Info:    Checking defaults for T1/cmr/m/n on input line 21.
LaTeX Font Info:    ... okay on input line 21.
LaTeX Font Info:    Checking defaults for OT1/cmr/m/n on input line 21.
LaTeX Font Info:    ... okay on input line 21.
LaTeX Font Info:    Checking defaults for OMS/cmsy/m/n on input line 21.
LaTeX Font Info:    ... okay on input line 21.
LaTeX Font Info:    Checking defaults for OMX/cmex/m/n on input line 21.
LaTeX Font Info:    ... okay on input line 21.
LaTeX Font Info:    Checking defaults for U/cmr/m/n on input line 21.
LaTeX Font Info:    ... okay on input line 21.

*geometry* driver: auto-detecting
*geometry* detected driver: pdftex
*geometry* verbose mode - [ preamble ] result:
* driver: pdftex
* paper: a4paper
* layout: <same size as paper>
* layoutoffset:(h,v)=(0.0pt,0.0pt)
* modes: twoside 
* h-part:(L,W,R)=(71.13188pt, 469.47049pt, 56.9055pt)
* v-part:(T,H,B)=(56.9055pt, 731.23584pt, 56.9055pt)
* \paperwidth=597.50787pt
* \paperheight=845.04684pt
* \textwidth=469.47049pt
* \textheight=731.23584pt
* \oddsidemargin=-1.1381pt
* \evensidemargin=-15.36449pt
* \topmargin=-52.36449pt
* \headheight=12.0pt
* \headsep=25.0pt
* \topskip=11.0pt
* \footskip=30.0pt
* \marginparwidth=103.0pt
* \marginparsep=10.0pt
* \columnsep=10.0pt
* \skip\footins=10.0pt plus 4.0pt minus 2.0pt
* \hoffset=0.0pt
* \voffset=0.0pt
* \mag=1000
* \@twocolumnfalse
* \@twosidetrue
* \@mparswitchtrue
* \@reversemarginfalse
* (1in=72.27pt=25.4mm, 1cm=28.453pt)

(/usr/share/texlive/texmf-dist/tex/context/base/supp-pdf.mkii
[Loading MPS to PDF converter (version 2006.09.02).]
\scratchcounter=\count123
\scratchdimen=\dimen165
\scratchbox=\box57
\nofMPsegments=\count124
\nofMParguments=\count125
\everyMPshowfont=\toks38
\MPscratchCnt=\count126
\MPscratchDim=\dimen166
\MPnumerator=\count127
\makeMPintoPDFobject=\count128
\everyMPtoPDFconversion=\toks39
) (/usr/share/texlive/texmf-dist/tex/generic/oberdiek/pdftexcmds.sty
Package: pdftexcmds 2011/11/29 v0.20 Utility functions of pdfTeX for LuaTeX (HO
)

(/usr/share/texlive/texmf-dist/tex/generic/oberdiek/ifluatex.sty
Package: ifluatex 2010/03/01 v1.3 Provides the ifluatex switch (HO)
Package ifluatex Info: LuaTeX not detected.
)
Package pdftexcmds Info: LuaTeX not detected.
Package pdftexcmds Info: \pdf@primitive is available.
Package pdftexcmds Info: \pdf@ifprimitive is available.
Package pdftexcmds Info: \pdfdraftmode found.
)
(/usr/share/texlive/texmf-dist/tex/latex/oberdiek/epstopdf-base.sty
Package: epstopdf-base 2010/02/09 v2.5 Base part for package epstopdf

(/usr/share/texlive/texmf-dist/tex/latex/oberdiek/grfext.sty
Package: grfext 2010/08/19 v1.1 Manage graphics extensions (HO)

(/usr/share/texlive/texmf-dist/tex/generic/oberdiek/kvdefinekeys.sty
Package: kvdefinekeys 2011/04/07 v1.3 Define keys (HO)
))
(/usr/share/texlive/texmf-dist/tex/latex/oberdiek/kvoptions.sty
Package: kvoptions 2011/06/30 v3.11 Key value format for package options (HO)

(/usr/share/texlive/texmf-dist/tex/generic/oberdiek/kvsetkeys.sty
Package: kvsetkeys 2012/04/25 v1.16 Key value parser (HO)

(/usr/share/texlive/texmf-dist/tex/generic/oberdiek/etexcmds.sty
Package: etexcmds 2011/02/16 v1.5 Avoid name clashes with e-TeX commands (HO)
Package etexcmds Info: Could not find \expanded.
(etexcmds)             That can mean that you are not using pdfTeX 1.50 or
(etexcmds)             that some package has redefined \expanded.
(etexcmds)             In the latter case, load this package earlier.
)))
Package grfext Info: Graphics extension search list:
(grfext)             [.png,.pdf,.jpg,.mps,.jpeg,.jbig2,.jb2,.PNG,.PDF,.JPG,.JPE
G,.JBIG2,.JB2,.eps]
(grfext)             \AppendGraphicsExtensions on input line 452.

(/usr/share/texlive/texmf-dist/tex/latex/latexconfig/epstopdf-sys.cfg
File: epstopdf-sys.cfg 2010/07/13 v1.3 Configuration of (r)epstopdf for TeX Liv
e
))
Package caption Info: Begin \AtBeginDocument code.
Package caption Info: subfig package v1.3 is loaded.
Package caption Info: End \AtBeginDocument code.

(./template.toc
LaTeX Font Info:    Try loading font information for U+msa on input line 5.
 (/usr/share/texlive/texmf-dist/tex/latex/amsfonts/umsa.fd
File: umsa.fd 2009/06/22 v3.00 AMS symbols A
)
LaTeX Font Info:    Try loading font information for U+msb on input line 5.

(/usr/share/texlive/texmf-dist/tex/latex/amsfonts/umsb.fd
File: umsb.fd 2009/06/22 v3.00 AMS symbols B
)
LaTeX Font Info:    Try loading font information for U+stmry on input line 5.

(/usr/share/texlive/texmf-dist/tex/latex/stmaryrd/Ustmry.fd) [1


{/var/lib/texmf/fonts/map/pdftex/updmap/pdftex.map}])
\tf@toc=\write4
\openout4 = `template.toc'.

 [2] [3

] [4

]
(./chapter1/lambdacalculus.tex [5

]
Chapter 1.
LaTeX Font Info:    Try loading font information for OMS+cmr on input line 17.
(/usr/share/texlive/texmf-dist/tex/latex/base/omscmr.fd
File: omscmr.fd 1999/05/25 v2.5h Standard LaTeX font definitions
)
LaTeX Font Info:    Font shape `OMS/cmr/m/n' in size <10.95> not available
(Font)              Font shape `OMS/cmsy/m/n' tried instead on input line 17.

Overfull \hbox (4.00307pt too wide) in paragraph at lines 27--28
[]\OT1/cmr/m/n/10.95 As men-tioned above, left-most, out-er-most brack-ets are 
usu-ally omit-ted. There-fore, $\OML/cmm/m/it/10.95 M[]M[]\OT1/cmr/m/n/10.95 (\
OML/cmm/m/it/10.95 M[]M[]\OT1/cmr/m/n/10.95 )$
 []

[1

] [2] [3]
Overfull \hbox (14.84567pt too wide) in paragraph at lines 201--209
[][] 
 []

[4] [5] [6]
Overfull \hbox (15.5929pt too wide) detected at line 393
[]    []\OT1/cmr/m/n/10.95 (\OML/cmm/m/it/10.95 M []\OT1/cmr/m/n/10.95 )    [](
\OML/cmm/m/it/10.95 M []\OT1/cmr/m/n/10.95 )   
 []

[7] [8]
Overfull \hbox (11.67444pt too wide) detected at line 510
[]\OT1/cmr/m/n/10.95 ([])    []    [](\OML/cmm/m/it/10.95 P []\OT1/cmr/m/n/10.9
5 )    
 []

[9]
Overfull \hbox (17.28491pt too wide) in paragraph at lines 579--580
\OT1/cmr/m/n/10.95 (\OML/cmm/m/it/10.95 MN\OT1/cmr/m/n/10.95 )(\OML/cmm/m/it/10
.95 PQ\OT1/cmr/m/n/10.95 )$; ex-plicit sub-sti-tu-tion is given high-est prece-
dence so $\OML/cmm/m/it/10.95 ^^Ux:MNP\OMS/cmsy/m/n/10.95 h\OML/cmm/m/it/10.95 
x \OT1/cmr/m/n/10.95 := \OML/cmm/m/it/10.95 Q\OMS/cmsy/m/n/10.95 i$ \OT1/cmr/m/
n/10.95 is $\OML/cmm/m/it/10.95 ^^Ux:\OT1/cmr/m/n/10.95 ((\OML/cmm/m/it/10.95 M
N\OT1/cmr/m/n/10.95 )(\OML/cmm/m/it/10.95 P\OMS/cmsy/m/n/10.95 h\OML/cmm/m/it/1
0.95 x \OT1/cmr/m/n/10.95 :=
 []


Overfull \hbox (55.05574pt too wide) detected at line 593
[][]
 []

[10]
Overfull \hbox (1.9219pt too wide) in paragraph at lines 639--639
[]                  \OT1/cmtt/m/n/10.95 (1)           (\x.(\y.x)x)(\z.q)       
    whole term is a redex 
 []


Overfull \hbox (19.16797pt too wide) in paragraph at lines 654--654
[]             \OT1/cmtt/m/n/10.95 (1)           (\x.(\y.x)x)(\z.q)      reduce
 the innermost redex (\y.x)x 
 []

[11] [12] <pics/zhang.png, id=70, 927.465pt x 632.764pt>
File: pics/zhang.png Graphic file (type png)
 <use pics/zhang.png>
Package pdftex.def Info: pics/zhang.png used on input line 695.
(pdftex.def)             Requested size: 469.47049pt x 320.30122pt.
)
(./chapter2/currytype.tex [13 <./pics/zhang.png (PNG copy)>]
Chapter 2.
[14

] [15]) (./chapter3/Haskell.tex [16]
Chapter 3.
[17

] [18] [19]) (./chapter4/Java.tex [20]
Chapter 4.

Overfull \hbox (7.6706pt too wide) in paragraph at lines 10--10
[]\OT1/cmtt/m/n/10.95 ppc (Abs x y) r | contains (Var x) pi = ((removeItem (Var
 x, a) pi, (TP a p)), tl1)[] 
 []

[21

]
Overfull \hbox (24.91666pt too wide) in paragraph at lines 49--49
[]             \OT1/cmtt/m/n/10.95 return new PPC(receiver.getSubject(), new TP
(f, receiver.getPredicate()),[] 
 []

<pics/Term.png, id=101, 525.965pt x 329.23pt>
File: pics/Term.png Graphic file (type png)
 <use pics/Term.png>
Package pdftex.def Info: pics/Term.png used on input line 68.
(pdftex.def)             Requested size: 368.17297pt x 230.45941pt.
 [22]
<pics/LC.png, id=106, 232.87pt x 181.67876pt>
File: pics/LC.png Graphic file (type png)
 <use pics/LC.png>
Package pdftex.def Info: pics/LC.png used on input line 90.
(pdftex.def)             Requested size: 139.72307pt x 109.00809pt.
 [23 <./pics/Term.png> <./pics/LC.png>] <pics/Type.png, id=110, 276.03125pt x 1
81.67876pt>
File: pics/Type.png Graphic file (type png)

<use pics/Type.png>
Package pdftex.def Info: pics/Type.png used on input line 124.
(pdftex.def)             Requested size: 193.22055pt x 127.17424pt.

Overfull \hbox (6.45032pt too wide) in paragraph at lines 129--130
[]\OT1/cmr/m/n/10.95 Type as-sign-ment sys-tem as-signs types to $\OML/cmm/m/it
/10.95 ^^U$\OT1/cmr/m/n/10.95 -terms. In $\U/msb/m/n/10.95 T$\OT1/cmr/m/n/10.95
 , a type can ei-ther be a sin-gle type($\OML/cmm/m/it/10.95 A; B; :::$\OT1/cmr
/m/n/10.95 )
 []

[24 <./pics/Type.png>] <pics/TSub.png, id=114, 233.87375pt x 140.525pt>
File: pics/TSub.png Graphic file (type png)

<use pics/TSub.png>
Package pdftex.def Info: pics/TSub.png used on input line 147.
(pdftex.def)             Requested size: 163.71048pt x 98.3668pt.
 <pics/Statement.png, id=115, 140.525pt x 130.4875pt>
File: pics/Statement.png Graphic file (type png)

<use pics/Statement.png>
Package pdftex.def Info: pics/Statement.png used on input line 159.
(pdftex.def)             Requested size: 84.31564pt x 78.29309pt.
 <pics/Context.png, id=116, 240.9pt x 93.34875pt>
File: pics/Context.png Graphic file (type png)

<use pics/Context.png>
Package pdftex.def Info: pics/Context.png used on input line 165.
(pdftex.def)             Requested size: 144.5411pt x 56.00967pt.

Overfull \hbox (3.69853pt too wide) in paragraph at lines 165--166
 [][] 
 []

<pics/PPC.png, id=117, 145.54375pt x 146.5475pt>
File: pics/PPC.png Graphic file (type png)
 <use pics/PPC.png>
Package pdftex.def Info: pics/PPC.png used on input line 171.
(pdftex.def)             Requested size: 72.77168pt x 73.27356pt.
 [25 <./pics/TSub.png> <./pics/Statement.png> <./pics/Context.png> <./pics/PPC.
png>]
<pics/LCType.png, id=121, 330.23375pt x 201.75375pt>
File: pics/LCType.png Graphic file (type png)
 <use pics/LCType.png>
Package pdftex.def Info: pics/LCType.png used on input line 189.
(pdftex.def)             Requested size: 198.14177pt x 121.05318pt.

<pics/TermRaw.png, id=122, 119.44624pt x 61.22874pt>
File: pics/TermRaw.png Graphic file (type png)
 <use pics/TermRaw.png>
Package pdftex.def Info: pics/TermRaw.png used on input line 215.
(pdftex.def)             Requested size: 83.61179pt x 42.8598pt.

[26 <./pics/LCType.png>]) (./chapter5/GUI.tex [27 <./pics/TermRaw.png>]
Chapter 5.
<pics/GUILax.png, id=130, 722.7pt x 432.61626pt>
File: pics/GUILax.png Graphic file (type png)
 <use pics/GUILax.png>
Package pdftex.def Info: pics/GUILax.png used on input line 9.
(pdftex.def)             Requested size: 469.47049pt x 281.03221pt.
 [28

 <./pics/GUILax.png>] <pics/normalize.png, id=134, 1105.12875pt x 245.91875pt>
File: pics/normalize.png Graphic file (type png)

<use pics/normalize.png>
Package pdftex.def Info: pics/normalize.png used on input line 37.
(pdftex.def)             Requested size: 469.47049pt x 104.46716pt.
 <pics/trace.png, id=135, 1107.13625pt x 202.7575pt>
File: pics/trace.png Graphic file (type png)

<use pics/trace.png>
Package pdftex.def Info: pics/trace.png used on input line 50.
(pdftex.def)             Requested size: 469.47049pt x 85.97743pt.
 [29 <./pics/normalize.png>]
<pics/single1.png, id=139, 1105.12875pt x 226.8475pt>
File: pics/single1.png Graphic file (type png)
 <use pics/single1.png>
Package pdftex.def Info: pics/single1.png used on input line 62.
(pdftex.def)             Requested size: 469.47049pt x 96.36563pt.

<pics/single2.png, id=140, 1107.13625pt x 200.75pt>
File: pics/single2.png Graphic file (type png)
 <use pics/single2.png>
Package pdftex.def Info: pics/single2.png used on input line 71.
(pdftex.def)             Requested size: 469.47049pt x 85.12616pt.

<pics/single3.png, id=141, 1106.1325pt x 227.85126pt>
File: pics/single3.png Graphic file (type png)
 <use pics/single3.png>
Package pdftex.def Info: pics/single3.png used on input line 80.
(pdftex.def)             Requested size: 469.47049pt x 96.70512pt.

<pics/sestoft1.png, id=142, 173.64874pt x 77.28876pt>
File: pics/sestoft1.png Graphic file (type png)
 <use pics/sestoft1.png>
Package pdftex.def Info: pics/sestoft1.png used on input line 91.
(pdftex.def)             Requested size: 86.82416pt x 38.64427pt.

<pics/sestoft2.png, id=143, 150.5625pt x 65.24374pt>
File: pics/sestoft2.png Graphic file (type png)
 <use pics/sestoft2.png>
Package pdftex.def Info: pics/sestoft2.png used on input line 93.
(pdftex.def)             Requested size: 90.33818pt x 39.14653pt.

<pics/sestoft3.png, id=144, 153.57375pt x 61.22874pt>
File: pics/sestoft3.png Graphic file (type png)
 <use pics/sestoft3.png>
Package pdftex.def Info: pics/sestoft3.png used on input line 95.
(pdftex.def)             Requested size: 92.14494pt x 36.73752pt.

<pics/sestoft4.png, id=145, 158.5925pt x 65.24374pt>
File: pics/sestoft4.png Graphic file (type png)
 <use pics/sestoft4.png>
Package pdftex.def Info: pics/sestoft4.png used on input line 97.
(pdftex.def)             Requested size: 95.15622pt x 39.14653pt.

[30 <./pics/trace.png> <./pics/single1.png> <./pics/single2.png>]
<pics/nonterminate.png, id=149, 1105.12875pt x 602.25pt>
File: pics/nonterminate.png Graphic file (type png)

<use pics/nonterminate.png>
Package pdftex.def Info: pics/nonterminate.png used on input line 111.
(pdftex.def)             Requested size: 469.47049pt x 255.83798pt.

<pics/explicit.png, id=150, 1105.12875pt x 346.29375pt>
File: pics/explicit.png Graphic file (type png)

<use pics/explicit.png>
Package pdftex.def Info: pics/explicit.png used on input line 122.
(pdftex.def)             Requested size: 469.47049pt x 147.10684pt.
 [31 <./pics/single3.png> <./pics/sestoft1.png> <./pics/sestoft2.png> <./pics/s
estoft3.png> <./pics/sestoft4.png> <./pics/nonterminate.png>]) (./chapter6/comp
are.tex [32 <./pics/explicit.png>]
Chapter 6.
) (./chapter7/conclusion.tex [33

]
Chapter 7.
) (./template.bbl [34

])
\tf@thm=\write5
\openout5 = `template.thm'.

 [35

] (./template.aux)

LaTeX Warning: There were multiply-defined labels.

 ) 
Here is how much of TeX's memory you used:
 5681 strings out of 494966
 83483 string characters out of 3178674
 160302 words of memory out of 3000000
 8718 multiletter control sequences out of 15000+200000
 22525 words of font info for 88 fonts, out of 3000000 for 9000
 36 hyphenation exceptions out of 8191
 44i,25n,42p,1449b,347s stack positions out of 5000i,500n,10000p,200000b,50000s
</usr/share/texlive/texmf-dist/fonts/type1/public/amsfonts/cm/cmbx10.pfb></us
r/share/texlive/texmf-dist/fonts/type1/public/amsfonts/cm/cmbx12.pfb></usr/shar
e/texlive/texmf-dist/fonts/type1/public/amsfonts/cm/cmbxti10.pfb></usr/share/te
xlive/texmf-dist/fonts/type1/public/amsfonts/cm/cmmi10.pfb></usr/share/texlive/
texmf-dist/fonts/type1/public/amsfonts/cm/cmmi12.pfb></usr/share/texlive/texmf-
dist/fonts/type1/public/amsfonts/cm/cmmi8.pfb></usr/share/texlive/texmf-dist/fo
nts/type1/public/amsfonts/cm/cmr10.pfb></usr/share/texlive/texmf-dist/fonts/typ
e1/public/amsfonts/cm/cmr8.pfb></usr/share/texlive/texmf-dist/fonts/type1/publi
c/amsfonts/cm/cmss10.pfb></usr/share/texlive/texmf-dist/fonts/type1/public/amsf
onts/cm/cmsy10.pfb></usr/share/texlive/texmf-dist/fonts/type1/public/amsfonts/c
m/cmsy8.pfb></usr/share/texlive/texmf-dist/fonts/type1/public/amsfonts/cm/cmti1
0.pfb></usr/share/texlive/texmf-dist/fonts/type1/public/amsfonts/cm/cmtt10.pfb>
</usr/share/texlive/texmf-dist/fonts/type1/public/amsfonts/symbols/msam10.pfb><
/usr/share/texlive/texmf-dist/fonts/type1/public/amsfonts/symbols/msbm10.pfb></
usr/share/texlive/texmf-dist/fonts/type1/public/stmaryrd/stmary10.pfb>
Output written on template.pdf (40 pages, 687097 bytes).
PDF statistics:
 221 PDF objects out of 1000 (max. 8388607)
 139 compressed objects within 2 object streams
 0 named destinations out of 1000 (max. 500000)
 111 words of extra memory for PDF output out of 10000 (max. 10000000)

